2022-01-18 13:55:43,288  INFO [main] CarBookingRunner:14 - URL Opened
2022-01-18 13:55:45,637  INFO [main] CarBookingRunner:14 - Page opend with title Book Outstation Cabs, Local & Airport Taxi Service - India's Leading Car Rentals
2022-01-18 13:55:52,420  INFO [main] CarBookingRunner:14 - URL Opened
2022-01-18 13:55:54,612  INFO [main] CarBookingRunner:14 - Log In Button is clicked in page Home Page
2022-01-18 13:56:00,474  INFO [main] CarBookingRunner:14 - Email field is send in page Account Log in
2022-01-18 13:56:01,096  INFO [main] CarBookingRunner:14 - password field is send in page Account Log in
2022-01-18 13:56:01,854  INFO [main] CarBookingRunner:14 - sign in button is clicked in page Account Log in
2022-01-18 13:56:07,533  INFO [main] CarBookingRunner:14 - Successfully logged in
2022-01-18 13:56:15,046  INFO [main] CarBookingRunner:14 - URL Opened
2022-01-18 13:56:16,324  INFO [main] CarBookingRunner:14 - Log In Button is clicked in page Home Page
2022-01-18 13:56:22,000  INFO [main] CarBookingRunner:14 - Email field is send in page Account Log in
2022-01-18 13:56:22,555  INFO [main] CarBookingRunner:14 - password field is send in page Account Log in
2022-01-18 13:56:23,292  INFO [main] CarBookingRunner:14 - sign in button is clicked in page Account Log in
2022-01-18 13:56:28,877  INFO [main] CarBookingRunner:14 - Successfully logged in
2022-01-18 13:56:29,866  INFO [main] CarBookingRunner:14 - Log In Button is clicked in page Home Page
2022-01-18 13:56:35,982  INFO [main] CarBookingRunner:14 - List of Bookings is clicked in page View Bookings
2022-01-18 13:56:36,882  INFO [main] CarBookingRunner:14 - Successfully opened View Bookings page
2022-01-18 13:56:42,567  INFO [main] CarBookingRunner:14 - URL Opened
2022-01-18 13:56:44,192  INFO [main] CarBookingRunner:14 - Log In Button is clicked in page Home Page
2022-01-18 13:56:50,025  INFO [main] CarBookingRunner:14 - Register Button is clicked in page User Register
2022-01-18 13:56:50,534  INFO [main] CarBookingRunner:14 - Name Field is send in page User Register
2022-01-18 13:56:51,047  INFO [main] CarBookingRunner:14 - Mobile Number Field is send in page User Register
2022-01-18 13:56:51,625  INFO [main] CarBookingRunner:14 - Email Field is send in page User Register
2022-01-18 13:56:52,139  INFO [main] CarBookingRunner:14 - password field is send in page User Register
2022-01-18 13:56:52,731  INFO [main] CarBookingRunner:14 - Retype password field is send in page User Register
2022-01-18 13:56:53,508  INFO [main] CarBookingRunner:14 - Register Button is clicked in page Account Log in
2022-01-18 13:56:59,148  INFO [main] CarBookingRunner:14 - Successfully Registered
2022-01-18 13:57:05,717  INFO [main] CarBookingRunner:14 - URL Opened
2022-01-18 13:57:07,413  INFO [main] CarBookingRunner:14 - About Us page is clicked in page Home Page
2022-01-18 13:57:10,167  INFO [main] CarBookingRunner:14 - CEO name validated
2022-01-18 13:57:16,090  INFO [main] CarBookingRunner:14 - URL Opened
2022-01-18 13:57:17,877  INFO [main] CarBookingRunner:14 - Select Airport Tab is clicked in page Home Page
2022-01-18 13:57:19,142  INFO [main] CarBookingRunner:14 - Select City is send in page Home Page
2022-01-18 13:57:20,243  INFO [main] CarBookingRunner:14 - Trip type is clicked in page Airport Taxi Booking
2022-01-18 13:57:21,170  INFO [main] CarBookingRunner:14 - Address Field is send in page Airport Taxi Booking
2022-01-18 13:57:24,375  INFO [main] CarBookingRunner:14 - Date Field is clicked in page Airport Taxi Booking
2022-01-18 13:57:28,689  INFO [main] CarBookingRunner:14 - click on select car is clicked in page Airport Taxi Booking
2022-01-18 13:57:28,929  INFO [main] CarBookingRunner:14 - Successfully opened Airport Taxi Booking Page
2022-01-18 13:57:34,784  INFO [main] CarBookingRunner:14 - URL Opened
2022-01-18 13:57:36,344  INFO [main] CarBookingRunner:14 - Select sitemap Link is clicked in page Home Page
2022-01-18 13:57:39,157  INFO [main] CarBookingRunner:14 - Select cab Types Link is clicked in page sitemap page
2022-01-18 13:57:41,627  INFO [main] CarBookingRunner:14 - Successfully accessed cab types page
2022-01-18 13:57:47,602  INFO [main] CarBookingRunner:14 - URL Opened
2022-01-18 13:57:49,415  INFO [main] CarBookingRunner:14 - Contact Us page is clicked in page Home Page
2022-01-18 13:57:55,034  INFO [main] CarBookingRunner:14 - Contact Us page validated
2022-01-18 13:58:01,381  INFO [main] CarBookingRunner:14 - URL Opened
2022-01-18 13:58:02,804  INFO [main] CarBookingRunner:14 - Select Local City Tab is clicked in page Home Page
2022-01-18 13:58:03,825  INFO [main] CarBookingRunner:14 - Select City is send in page Home Page
2022-01-18 13:58:04,862  INFO [main] CarBookingRunner:14 - Date Field is clicked in page Local Car Booking
2022-01-18 13:58:09,176  INFO [main] CarBookingRunner:14 - click on select car is clicked in page Local Taxi Booking
2022-01-18 13:58:09,403  INFO [main] CarBookingRunner:14 - Successfully opened Local Taxi Booking Page
2022-01-18 13:58:15,321  INFO [main] CarBookingRunner:14 - URL Opened
2022-01-18 13:58:16,855  INFO [main] CarBookingRunner:14 - Source city is send in page Home Page
2022-01-18 13:58:17,951  INFO [main] CarBookingRunner:14 - Destination City is send in page Home Page
2022-01-18 13:58:19,116  INFO [main] CarBookingRunner:14 - Date Field is clicked in page Onw way Booking
2022-01-18 13:58:21,316  INFO [main] CarBookingRunner:14 - click on select car is clicked in page One way Booking
2022-01-18 13:58:21,529  INFO [main] CarBookingRunner:14 - Successfully opened one way booking page
2022-01-18 13:58:27,345  INFO [main] CarBookingRunner:14 - URL Opened
2022-01-18 13:58:28,617  INFO [main] CarBookingRunner:14 - Select Round Trip is clicked in page Home Page
2022-01-18 13:58:29,598  INFO [main] CarBookingRunner:14 - Source city is send in page Home Page
2022-01-18 13:58:30,507  INFO [main] CarBookingRunner:14 - Destination City is send in page Home Page
2022-01-18 13:58:31,729  INFO [main] CarBookingRunner:14 - Date Field is clicked in page Round Trip
2022-01-18 13:58:35,729  INFO [main] CarBookingRunner:14 - Date Field is clicked in page Round Trip
2022-01-18 13:58:39,796  INFO [main] CarBookingRunner:14 - click on select car is clicked in page RoundTrip Taxi Booking
2022-01-18 13:58:40,020  INFO [main] CarBookingRunner:14 - Successfully opened RoundTrip Taxi Booking Page
2022-01-18 13:58:45,677  INFO [main] CarBookingRunner:14 - URL Opened
2022-01-18 13:58:47,318  INFO [main] CarBookingRunner:14 - Travel Agent is clicked in page Home Page
2022-01-18 13:58:51,144  INFO [main] CarBookingRunner:14 - Register is clicked in page Travel Agent Page
2022-01-18 13:58:51,529  INFO [main] CarBookingRunner:14 - Successfully opened travel agent page
